INFO: 2021-02-02 03:25:52: Creating log folder...
INFO: 2021-02-02 03:25:52: COMMENTS:
INFO: 2021-02-02 03:25:52: 

INFO: 2021-02-02 03:25:52: Computing Lightcurve
INFO: 2021-02-02 03:25:52: Processing obs ID 0100320101 (1/36)
INFO: 2021-02-02 03:25:52: Computing energy 0.5-10.0
INFO: 2021-02-02 03:25:52: Computing fmode tres: 0.0001220703125, time seg: 256.0, time bins: 2097152.0
INFO: 2021-02-02 03:25:52: Creating analysis folder...
INFO: 2021-02-02 03:25:52: 
INFO: 2021-02-02 03:25:52: Obs ID: 0100320101
INFO: 2021-02-02 03:25:52: Settings:
INFO: 2021-02-02 03:25:52: ------------------------------------------------------------
INFO: 2021-02-02 03:25:52: Selected energy band: 0.5-10.0 keV
INFO: 2021-02-02 03:25:52: Selected time resolution: 0.0001220703125 s
INFO: 2021-02-02 03:25:52: Log file name: compute_lc_D2_2_2021_T3_25
INFO: 2021-02-02 03:25:52: ------------------------------------------------------------
INFO: 2021-02-02 03:25:52: 
INFO: 2021-02-02 03:25:52: Processing event file: /Volumes/Seagate/NICER_data/Cygnus_X1/0100320101/xti/event_cl/ni0100320101_0mpu7_cl_bc_bdc.evt.gz
INFO: 2021-02-02 03:25:52: Lightcurve list file lc_E0.5_10.0_T0.0001220703125.pkl already exists.
INFO: 2021-02-02 03:25:52: Computing energy 0.5-2.0
INFO: 2021-02-02 03:25:52: Computing fmode tres: 0.0001220703125, time seg: 256.0, time bins: 2097152.0
INFO: 2021-02-02 03:25:52: Creating analysis folder...
INFO: 2021-02-02 03:25:52: 
INFO: 2021-02-02 03:25:52: Obs ID: 0100320101
INFO: 2021-02-02 03:25:52: Settings:
INFO: 2021-02-02 03:25:52: ------------------------------------------------------------
INFO: 2021-02-02 03:25:52: Selected energy band: 0.5-2.0 keV
INFO: 2021-02-02 03:25:52: Selected time resolution: 0.0001220703125 s
INFO: 2021-02-02 03:25:52: Log file name: compute_lc_D2_2_2021_T3_25
INFO: 2021-02-02 03:25:52: ------------------------------------------------------------
INFO: 2021-02-02 03:25:52: 
INFO: 2021-02-02 03:25:52: Processing event file: /Volumes/Seagate/NICER_data/Cygnus_X1/0100320101/xti/event_cl/ni0100320101_0mpu7_cl_bc_bdc.evt.gz
INFO: 2021-02-02 03:25:52: Lightcurve list file lc_E0.5_2.0_T0.0001220703125.pkl already exists.
INFO: 2021-02-02 03:25:52: Computing energy 2.0-10.0
INFO: 2021-02-02 03:25:52: Computing fmode tres: 0.0001220703125, time seg: 256.0, time bins: 2097152.0
INFO: 2021-02-02 03:25:52: Creating analysis folder...
INFO: 2021-02-02 03:25:52: 
INFO: 2021-02-02 03:25:52: Obs ID: 0100320101
INFO: 2021-02-02 03:25:52: Settings:
INFO: 2021-02-02 03:25:52: ------------------------------------------------------------
INFO: 2021-02-02 03:25:52: Selected energy band: 2.0-10.0 keV
INFO: 2021-02-02 03:25:52: Selected time resolution: 0.0001220703125 s
INFO: 2021-02-02 03:25:52: Log file name: compute_lc_D2_2_2021_T3_25
INFO: 2021-02-02 03:25:52: ------------------------------------------------------------
INFO: 2021-02-02 03:25:52: 
INFO: 2021-02-02 03:25:52: Processing event file: /Volumes/Seagate/NICER_data/Cygnus_X1/0100320101/xti/event_cl/ni0100320101_0mpu7_cl_bc_bdc.evt.gz
INFO: 2021-02-02 03:25:52: Lightcurve list file lc_E2.0_10.0_T0.0001220703125.pkl already exists.
INFO: 2021-02-02 03:25:52: Processing obs ID 0100320102 (2/36)
INFO: 2021-02-02 03:25:52: Computing energy 0.5-10.0
INFO: 2021-02-02 03:25:52: Computing fmode tres: 0.0001220703125, time seg: 256.0, time bins: 2097152.0
INFO: 2021-02-02 03:25:52: Creating analysis folder...
INFO: 2021-02-02 03:25:52: 
INFO: 2021-02-02 03:25:52: Obs ID: 0100320102
INFO: 2021-02-02 03:25:52: Settings:
INFO: 2021-02-02 03:25:52: ------------------------------------------------------------
INFO: 2021-02-02 03:25:52: Selected energy band: 0.5-10.0 keV
INFO: 2021-02-02 03:25:52: Selected time resolution: 0.0001220703125 s
INFO: 2021-02-02 03:25:52: Log file name: compute_lc_D2_2_2021_T3_25
INFO: 2021-02-02 03:25:52: ------------------------------------------------------------
INFO: 2021-02-02 03:25:52: 
INFO: 2021-02-02 03:25:52: Processing event file: /Volumes/Seagate/NICER_data/Cygnus_X1/0100320102/xti/event_cl/ni0100320102_0mpu7_cl_bc_bdc.evt.gz
INFO: 2021-02-02 03:25:52: Lightcurve list file lc_E0.5_10.0_T0.0001220703125.pkl already exists.
INFO: 2021-02-02 03:25:52: Computing energy 0.5-2.0
INFO: 2021-02-02 03:25:52: Computing fmode tres: 0.0001220703125, time seg: 256.0, time bins: 2097152.0
INFO: 2021-02-02 03:25:52: Creating analysis folder...
INFO: 2021-02-02 03:25:52: 
INFO: 2021-02-02 03:25:52: Obs ID: 0100320102
INFO: 2021-02-02 03:25:52: Settings:
INFO: 2021-02-02 03:25:52: ------------------------------------------------------------
INFO: 2021-02-02 03:25:52: Selected energy band: 0.5-2.0 keV
INFO: 2021-02-02 03:25:52: Selected time resolution: 0.0001220703125 s
INFO: 2021-02-02 03:25:52: Log file name: compute_lc_D2_2_2021_T3_25
INFO: 2021-02-02 03:25:52: ------------------------------------------------------------
INFO: 2021-02-02 03:25:52: 
INFO: 2021-02-02 03:25:52: Processing event file: /Volumes/Seagate/NICER_data/Cygnus_X1/0100320102/xti/event_cl/ni0100320102_0mpu7_cl_bc_bdc.evt.gz
INFO: 2021-02-02 03:25:52: Lightcurve list file lc_E0.5_2.0_T0.0001220703125.pkl already exists.
INFO: 2021-02-02 03:25:52: Computing energy 2.0-10.0
INFO: 2021-02-02 03:25:52: Computing fmode tres: 0.0001220703125, time seg: 256.0, time bins: 2097152.0
INFO: 2021-02-02 03:25:52: Creating analysis folder...
INFO: 2021-02-02 03:25:52: 
INFO: 2021-02-02 03:25:52: Obs ID: 0100320102
INFO: 2021-02-02 03:25:52: Settings:
INFO: 2021-02-02 03:25:52: ------------------------------------------------------------
INFO: 2021-02-02 03:25:52: Selected energy band: 2.0-10.0 keV
INFO: 2021-02-02 03:25:52: Selected time resolution: 0.0001220703125 s
INFO: 2021-02-02 03:25:52: Log file name: compute_lc_D2_2_2021_T3_25
INFO: 2021-02-02 03:25:52: ------------------------------------------------------------
INFO: 2021-02-02 03:25:52: 
INFO: 2021-02-02 03:25:52: Processing event file: /Volumes/Seagate/NICER_data/Cygnus_X1/0100320102/xti/event_cl/ni0100320102_0mpu7_cl_bc_bdc.evt.gz
INFO: 2021-02-02 03:25:52: Lightcurve list file lc_E2.0_10.0_T0.0001220703125.pkl already exists.
INFO: 2021-02-02 03:25:52: Processing obs ID 0100320103 (3/36)
INFO: 2021-02-02 03:25:52: Computing energy 0.5-10.0
INFO: 2021-02-02 03:25:52: Computing fmode tres: 0.0001220703125, time seg: 256.0, time bins: 2097152.0
INFO: 2021-02-02 03:25:52: Creating analysis folder...
INFO: 2021-02-02 03:25:52: 
INFO: 2021-02-02 03:25:52: Obs ID: 0100320103
INFO: 2021-02-02 03:25:52: Settings:
INFO: 2021-02-02 03:25:52: ------------------------------------------------------------
INFO: 2021-02-02 03:25:52: Selected energy band: 0.5-10.0 keV
INFO: 2021-02-02 03:25:52: Selected time resolution: 0.0001220703125 s
INFO: 2021-02-02 03:25:52: Log file name: compute_lc_D2_2_2021_T3_25
INFO: 2021-02-02 03:25:52: ------------------------------------------------------------
INFO: 2021-02-02 03:25:52: 
INFO: 2021-02-02 03:25:52: Processing event file: /Volumes/Seagate/NICER_data/Cygnus_X1/0100320103/xti/event_cl/ni0100320103_0mpu7_cl_bc_bdc.evt.gz
INFO: 2021-02-02 03:25:52: Lightcurve list file lc_E0.5_10.0_T0.0001220703125.pkl already exists.
INFO: 2021-02-02 03:25:52: Computing energy 0.5-2.0
INFO: 2021-02-02 03:25:52: Computing fmode tres: 0.0001220703125, time seg: 256.0, time bins: 2097152.0
INFO: 2021-02-02 03:25:52: Creating analysis folder...
INFO: 2021-02-02 03:25:52: 
INFO: 2021-02-02 03:25:52: Obs ID: 0100320103
INFO: 2021-02-02 03:25:52: Settings:
INFO: 2021-02-02 03:25:52: ------------------------------------------------------------
INFO: 2021-02-02 03:25:52: Selected energy band: 0.5-2.0 keV
INFO: 2021-02-02 03:25:52: Selected time resolution: 0.0001220703125 s
INFO: 2021-02-02 03:25:52: Log file name: compute_lc_D2_2_2021_T3_25
INFO: 2021-02-02 03:25:52: ------------------------------------------------------------
INFO: 2021-02-02 03:25:52: 
INFO: 2021-02-02 03:25:52: Processing event file: /Volumes/Seagate/NICER_data/Cygnus_X1/0100320103/xti/event_cl/ni0100320103_0mpu7_cl_bc_bdc.evt.gz
INFO: 2021-02-02 03:25:52: Lightcurve list file lc_E0.5_2.0_T0.0001220703125.pkl already exists.
INFO: 2021-02-02 03:25:52: Computing energy 2.0-10.0
INFO: 2021-02-02 03:25:52: Computing fmode tres: 0.0001220703125, time seg: 256.0, time bins: 2097152.0
INFO: 2021-02-02 03:25:52: Creating analysis folder...
INFO: 2021-02-02 03:25:52: 
INFO: 2021-02-02 03:25:52: Obs ID: 0100320103
INFO: 2021-02-02 03:25:52: Settings:
INFO: 2021-02-02 03:25:52: ------------------------------------------------------------
INFO: 2021-02-02 03:25:52: Selected energy band: 2.0-10.0 keV
INFO: 2021-02-02 03:25:52: Selected time resolution: 0.0001220703125 s
INFO: 2021-02-02 03:25:52: Log file name: compute_lc_D2_2_2021_T3_25
INFO: 2021-02-02 03:25:52: ------------------------------------------------------------
INFO: 2021-02-02 03:25:52: 
INFO: 2021-02-02 03:25:52: Processing event file: /Volumes/Seagate/NICER_data/Cygnus_X1/0100320103/xti/event_cl/ni0100320103_0mpu7_cl_bc_bdc.evt.gz
INFO: 2021-02-02 03:25:52: Lightcurve list file lc_E2.0_10.0_T0.0001220703125.pkl already exists.
INFO: 2021-02-02 03:25:52: Processing obs ID 0100320104 (4/36)
INFO: 2021-02-02 03:25:52: Computing energy 0.5-10.0
INFO: 2021-02-02 03:25:52: Computing fmode tres: 0.0001220703125, time seg: 256.0, time bins: 2097152.0
INFO: 2021-02-02 03:25:52: Creating analysis folder...
INFO: 2021-02-02 03:25:52: 
INFO: 2021-02-02 03:25:52: Obs ID: 0100320104
INFO: 2021-02-02 03:25:52: Settings:
INFO: 2021-02-02 03:25:52: ------------------------------------------------------------
INFO: 2021-02-02 03:25:52: Selected energy band: 0.5-10.0 keV
INFO: 2021-02-02 03:25:52: Selected time resolution: 0.0001220703125 s
INFO: 2021-02-02 03:25:52: Log file name: compute_lc_D2_2_2021_T3_25
INFO: 2021-02-02 03:25:52: ------------------------------------------------------------
INFO: 2021-02-02 03:25:52: 
INFO: 2021-02-02 03:25:52: Processing event file: /Volumes/Seagate/NICER_data/Cygnus_X1/0100320104/xti/event_cl/ni0100320104_0mpu7_cl_bc_bdc.evt.gz
INFO: 2021-02-02 03:25:52: Lightcurve list file lc_E0.5_10.0_T0.0001220703125.pkl already exists.
INFO: 2021-02-02 03:25:52: Computing energy 0.5-2.0
INFO: 2021-02-02 03:25:52: Computing fmode tres: 0.0001220703125, time seg: 256.0, time bins: 2097152.0
INFO: 2021-02-02 03:25:52: Creating analysis folder...
INFO: 2021-02-02 03:25:52: 
INFO: 2021-02-02 03:25:52: Obs ID: 0100320104
INFO: 2021-02-02 03:25:52: Settings:
INFO: 2021-02-02 03:25:52: ------------------------------------------------------------
INFO: 2021-02-02 03:25:52: Selected energy band: 0.5-2.0 keV
INFO: 2021-02-02 03:25:52: Selected time resolution: 0.0001220703125 s
INFO: 2021-02-02 03:25:52: Log file name: compute_lc_D2_2_2021_T3_25
INFO: 2021-02-02 03:25:52: ------------------------------------------------------------
INFO: 2021-02-02 03:25:52: 
INFO: 2021-02-02 03:25:52: Processing event file: /Volumes/Seagate/NICER_data/Cygnus_X1/0100320104/xti/event_cl/ni0100320104_0mpu7_cl_bc_bdc.evt.gz
INFO: 2021-02-02 03:25:52: Lightcurve list file lc_E0.5_2.0_T0.0001220703125.pkl already exists.
INFO: 2021-02-02 03:25:52: Computing energy 2.0-10.0
INFO: 2021-02-02 03:25:52: Computing fmode tres: 0.0001220703125, time seg: 256.0, time bins: 2097152.0
INFO: 2021-02-02 03:25:52: Creating analysis folder...
INFO: 2021-02-02 03:25:52: 
INFO: 2021-02-02 03:25:52: Obs ID: 0100320104
INFO: 2021-02-02 03:25:52: Settings:
INFO: 2021-02-02 03:25:52: ------------------------------------------------------------
INFO: 2021-02-02 03:25:52: Selected energy band: 2.0-10.0 keV
INFO: 2021-02-02 03:25:52: Selected time resolution: 0.0001220703125 s
INFO: 2021-02-02 03:25:52: Log file name: compute_lc_D2_2_2021_T3_25
INFO: 2021-02-02 03:25:52: ------------------------------------------------------------
INFO: 2021-02-02 03:25:52: 
INFO: 2021-02-02 03:25:52: Processing event file: /Volumes/Seagate/NICER_data/Cygnus_X1/0100320104/xti/event_cl/ni0100320104_0mpu7_cl_bc_bdc.evt.gz
INFO: 2021-02-02 03:25:52: Lightcurve list file lc_E2.0_10.0_T0.0001220703125.pkl already exists.
INFO: 2021-02-02 03:25:52: Processing obs ID 0100320105 (5/36)
INFO: 2021-02-02 03:25:52: Computing energy 0.5-10.0
INFO: 2021-02-02 03:25:52: Computing fmode tres: 0.0001220703125, time seg: 256.0, time bins: 2097152.0
INFO: 2021-02-02 03:25:52: Creating analysis folder...
INFO: 2021-02-02 03:25:52: 
INFO: 2021-02-02 03:25:52: Obs ID: 0100320105
INFO: 2021-02-02 03:25:52: Settings:
INFO: 2021-02-02 03:25:52: ------------------------------------------------------------
INFO: 2021-02-02 03:25:52: Selected energy band: 0.5-10.0 keV
INFO: 2021-02-02 03:25:52: Selected time resolution: 0.0001220703125 s
INFO: 2021-02-02 03:25:52: Log file name: compute_lc_D2_2_2021_T3_25
INFO: 2021-02-02 03:25:52: ------------------------------------------------------------
INFO: 2021-02-02 03:25:52: 
INFO: 2021-02-02 03:25:52: Processing event file: /Volumes/Seagate/NICER_data/Cygnus_X1/0100320105/xti/event_cl/ni0100320105_0mpu7_cl_bc_bdc.evt.gz
INFO: 2021-02-02 03:25:52: Lightcurve list file lc_E0.5_10.0_T0.0001220703125.pkl already exists.
INFO: 2021-02-02 03:25:52: Computing energy 0.5-2.0
INFO: 2021-02-02 03:25:52: Computing fmode tres: 0.0001220703125, time seg: 256.0, time bins: 2097152.0
INFO: 2021-02-02 03:25:52: Creating analysis folder...
INFO: 2021-02-02 03:25:52: 
INFO: 2021-02-02 03:25:52: Obs ID: 0100320105
INFO: 2021-02-02 03:25:52: Settings:
INFO: 2021-02-02 03:25:52: ------------------------------------------------------------
INFO: 2021-02-02 03:25:52: Selected energy band: 0.5-2.0 keV
INFO: 2021-02-02 03:25:52: Selected time resolution: 0.0001220703125 s
INFO: 2021-02-02 03:25:52: Log file name: compute_lc_D2_2_2021_T3_25
INFO: 2021-02-02 03:25:52: ------------------------------------------------------------
INFO: 2021-02-02 03:25:52: 
INFO: 2021-02-02 03:25:52: Processing event file: /Volumes/Seagate/NICER_data/Cygnus_X1/0100320105/xti/event_cl/ni0100320105_0mpu7_cl_bc_bdc.evt.gz
INFO: 2021-02-02 03:25:52: Lightcurve list file lc_E0.5_2.0_T0.0001220703125.pkl already exists.
INFO: 2021-02-02 03:25:52: Computing energy 2.0-10.0
INFO: 2021-02-02 03:25:52: Computing fmode tres: 0.0001220703125, time seg: 256.0, time bins: 2097152.0
INFO: 2021-02-02 03:25:52: Creating analysis folder...
INFO: 2021-02-02 03:25:52: 
INFO: 2021-02-02 03:25:52: Obs ID: 0100320105
INFO: 2021-02-02 03:25:52: Settings:
INFO: 2021-02-02 03:25:52: ------------------------------------------------------------
INFO: 2021-02-02 03:25:52: Selected energy band: 2.0-10.0 keV
INFO: 2021-02-02 03:25:52: Selected time resolution: 0.0001220703125 s
INFO: 2021-02-02 03:25:52: Log file name: compute_lc_D2_2_2021_T3_25
INFO: 2021-02-02 03:25:52: ------------------------------------------------------------
INFO: 2021-02-02 03:25:52: 
INFO: 2021-02-02 03:25:52: Processing event file: /Volumes/Seagate/NICER_data/Cygnus_X1/0100320105/xti/event_cl/ni0100320105_0mpu7_cl_bc_bdc.evt.gz
INFO: 2021-02-02 03:25:52: Lightcurve list file lc_E2.0_10.0_T0.0001220703125.pkl already exists.
INFO: 2021-02-02 03:25:52: Processing obs ID 0100320106 (6/36)
INFO: 2021-02-02 03:25:52: Computing energy 0.5-10.0
INFO: 2021-02-02 03:25:52: Computing fmode tres: 0.0001220703125, time seg: 256.0, time bins: 2097152.0
INFO: 2021-02-02 03:25:52: Creating analysis folder...
INFO: 2021-02-02 03:25:52: 
INFO: 2021-02-02 03:25:52: Obs ID: 0100320106
INFO: 2021-02-02 03:25:52: Settings:
INFO: 2021-02-02 03:25:52: ------------------------------------------------------------
INFO: 2021-02-02 03:25:52: Selected energy band: 0.5-10.0 keV
INFO: 2021-02-02 03:25:52: Selected time resolution: 0.0001220703125 s
INFO: 2021-02-02 03:25:52: Log file name: compute_lc_D2_2_2021_T3_25
INFO: 2021-02-02 03:25:52: ------------------------------------------------------------
INFO: 2021-02-02 03:25:52: 
INFO: 2021-02-02 03:25:52: Processing event file: /Volumes/Seagate/NICER_data/Cygnus_X1/0100320106/xti/event_cl/ni0100320106_0mpu7_cl_bc_bdc.evt.gz
INFO: 2021-02-02 03:25:52: Reading event file
INFO: 2021-02-02 03:26:07: Done!
INFO: 2021-02-02 03:26:07: Reading GTI from event file
INFO: 2021-02-02 03:26:15: Done!
INFO: 2021-02-02 03:26:15: Computing lightcurve
INFO: 2021-02-02 03:26:26: NumExpr defaulting to 8 threads.
INFO: 2021-02-02 07:32:25: Done!
INFO: 2021-02-02 07:32:25: Saving Lightcurve in the event folder
INFO: 2021-02-02 07:36:51: Done!
INFO: 2021-02-02 07:36:51: Saving Gti in the event folder
INFO: 2021-02-02 07:36:52: Done!
INFO: 2021-02-02 07:36:52: Computing energy 0.5-2.0
INFO: 2021-02-02 07:36:52: Computing fmode tres: 0.0001220703125, time seg: 256.0, time bins: 2097152.0
INFO: 2021-02-02 07:36:52: Creating analysis folder...
INFO: 2021-02-02 07:36:52: 
INFO: 2021-02-02 07:36:52: Obs ID: 0100320106
INFO: 2021-02-02 07:36:52: Settings:
INFO: 2021-02-02 07:36:52: ------------------------------------------------------------
INFO: 2021-02-02 07:36:52: Selected energy band: 0.5-2.0 keV
INFO: 2021-02-02 07:36:52: Selected time resolution: 0.0001220703125 s
INFO: 2021-02-02 07:36:52: Log file name: compute_lc_D2_2_2021_T3_25
INFO: 2021-02-02 07:36:52: ------------------------------------------------------------
INFO: 2021-02-02 07:36:52: 
INFO: 2021-02-02 07:36:52: Processing event file: /Volumes/Seagate/NICER_data/Cygnus_X1/0100320106/xti/event_cl/ni0100320106_0mpu7_cl_bc_bdc.evt.gz
INFO: 2021-02-02 07:36:52: Reading event file
INFO: 2021-02-02 07:37:14: Done!
INFO: 2021-02-02 07:37:14: Reading GTI from event file
INFO: 2021-02-02 07:37:24: Done!
INFO: 2021-02-02 07:37:24: Computing lightcurve
INFO: 2021-02-02 10:23:59: Done!
INFO: 2021-02-02 10:23:59: Saving Lightcurve in the event folder
INFO: 2021-02-02 10:28:37: Done!
INFO: 2021-02-02 10:28:37: Saving Gti in the event folder
INFO: 2021-02-02 10:28:37: Done!
INFO: 2021-02-02 10:28:38: Computing energy 2.0-10.0
INFO: 2021-02-02 10:28:38: Computing fmode tres: 0.0001220703125, time seg: 256.0, time bins: 2097152.0
INFO: 2021-02-02 10:28:38: Creating analysis folder...
INFO: 2021-02-02 10:28:38: 
INFO: 2021-02-02 10:28:38: Obs ID: 0100320106
INFO: 2021-02-02 10:28:38: Settings:
INFO: 2021-02-02 10:28:38: ------------------------------------------------------------
INFO: 2021-02-02 10:28:38: Selected energy band: 2.0-10.0 keV
INFO: 2021-02-02 10:28:38: Selected time resolution: 0.0001220703125 s
INFO: 2021-02-02 10:28:38: Log file name: compute_lc_D2_2_2021_T3_25
INFO: 2021-02-02 10:28:38: ------------------------------------------------------------
INFO: 2021-02-02 10:28:38: 
INFO: 2021-02-02 10:28:38: Processing event file: /Volumes/Seagate/NICER_data/Cygnus_X1/0100320106/xti/event_cl/ni0100320106_0mpu7_cl_bc_bdc.evt.gz
INFO: 2021-02-02 10:28:38: Reading event file
INFO: 2021-02-02 10:28:58: Done!
INFO: 2021-02-02 10:28:58: Reading GTI from event file
INFO: 2021-02-02 10:29:07: Done!
INFO: 2021-02-02 10:29:07: Computing lightcurve
INFO: 2021-02-02 11:36:51: Done!
INFO: 2021-02-02 11:36:51: Saving Lightcurve in the event folder
INFO: 2021-02-02 11:41:32: Done!
INFO: 2021-02-02 11:41:32: Saving Gti in the event folder
INFO: 2021-02-02 11:41:33: Done!
INFO: 2021-02-02 11:41:33: Processing obs ID 0100320107 (7/36)
INFO: 2021-02-02 11:41:38: Computing energy 0.5-10.0
INFO: 2021-02-02 11:41:38: Computing fmode tres: 0.0001220703125, time seg: 256.0, time bins: 2097152.0
INFO: 2021-02-02 11:41:38: Creating analysis folder...
INFO: 2021-02-02 11:41:38: 
INFO: 2021-02-02 11:41:38: Obs ID: 0100320107
INFO: 2021-02-02 11:41:38: Settings:
INFO: 2021-02-02 11:41:38: ------------------------------------------------------------
INFO: 2021-02-02 11:41:38: Selected energy band: 0.5-10.0 keV
INFO: 2021-02-02 11:41:38: Selected time resolution: 0.0001220703125 s
INFO: 2021-02-02 11:41:38: Log file name: compute_lc_D2_2_2021_T3_25
INFO: 2021-02-02 11:41:38: ------------------------------------------------------------
INFO: 2021-02-02 11:41:38: 
INFO: 2021-02-02 11:41:38: Processing event file: /Volumes/Seagate/NICER_data/Cygnus_X1/0100320107/xti/event_cl/ni0100320107_0mpu7_cl_bc_bdc.evt.gz
INFO: 2021-02-02 11:41:38: Reading event file
INFO: 2021-02-02 11:42:02: Done!
INFO: 2021-02-02 11:42:02: Reading GTI from event file
INFO: 2021-02-02 11:42:12: Done!
INFO: 2021-02-02 11:42:12: Computing lightcurve
INFO: 2021-02-02 12:20:18: Done!
INFO: 2021-02-02 12:20:18: Saving Lightcurve in the event folder
INFO: 2021-02-02 12:21:08: Done!
INFO: 2021-02-02 12:21:08: Saving Gti in the event folder
INFO: 2021-02-02 12:21:08: Done!
INFO: 2021-02-02 12:21:08: Computing energy 0.5-2.0
INFO: 2021-02-02 12:21:08: Computing fmode tres: 0.0001220703125, time seg: 256.0, time bins: 2097152.0
INFO: 2021-02-02 12:21:08: Creating analysis folder...
INFO: 2021-02-02 12:21:08: 
INFO: 2021-02-02 12:21:08: Obs ID: 0100320107
INFO: 2021-02-02 12:21:08: Settings:
INFO: 2021-02-02 12:21:08: ------------------------------------------------------------
INFO: 2021-02-02 12:21:08: Selected energy band: 0.5-2.0 keV
INFO: 2021-02-02 12:21:08: Selected time resolution: 0.0001220703125 s
INFO: 2021-02-02 12:21:08: Log file name: compute_lc_D2_2_2021_T3_25
INFO: 2021-02-02 12:21:08: ------------------------------------------------------------
INFO: 2021-02-02 12:21:08: 
INFO: 2021-02-02 12:21:08: Processing event file: /Volumes/Seagate/NICER_data/Cygnus_X1/0100320107/xti/event_cl/ni0100320107_0mpu7_cl_bc_bdc.evt.gz
INFO: 2021-02-02 12:21:08: Reading event file
INFO: 2021-02-02 12:21:24: Done!
INFO: 2021-02-02 12:21:24: Reading GTI from event file
INFO: 2021-02-02 12:21:34: Done!
INFO: 2021-02-02 12:21:34: Computing lightcurve
INFO: 2021-02-02 12:50:41: Done!
INFO: 2021-02-02 12:50:41: Saving Lightcurve in the event folder
INFO: 2021-02-02 12:51:32: Done!
INFO: 2021-02-02 12:51:32: Saving Gti in the event folder
INFO: 2021-02-02 12:51:32: Done!
INFO: 2021-02-02 12:51:32: Computing energy 2.0-10.0
INFO: 2021-02-02 12:51:32: Computing fmode tres: 0.0001220703125, time seg: 256.0, time bins: 2097152.0
INFO: 2021-02-02 12:51:32: Creating analysis folder...
INFO: 2021-02-02 12:51:32: 
INFO: 2021-02-02 12:51:32: Obs ID: 0100320107
INFO: 2021-02-02 12:51:32: Settings:
INFO: 2021-02-02 12:51:32: ------------------------------------------------------------
INFO: 2021-02-02 12:51:32: Selected energy band: 2.0-10.0 keV
INFO: 2021-02-02 12:51:32: Selected time resolution: 0.0001220703125 s
INFO: 2021-02-02 12:51:32: Log file name: compute_lc_D2_2_2021_T3_25
INFO: 2021-02-02 12:51:32: ------------------------------------------------------------
INFO: 2021-02-02 12:51:32: 
INFO: 2021-02-02 12:51:32: Processing event file: /Volumes/Seagate/NICER_data/Cygnus_X1/0100320107/xti/event_cl/ni0100320107_0mpu7_cl_bc_bdc.evt.gz
INFO: 2021-02-02 12:51:32: Reading event file
INFO: 2021-02-02 12:51:52: Done!
INFO: 2021-02-02 12:51:52: Reading GTI from event file
INFO: 2021-02-02 12:52:02: Done!
INFO: 2021-02-02 12:52:02: Computing lightcurve
INFO: 2021-02-02 13:01:07: Done!
INFO: 2021-02-02 13:01:07: Saving Lightcurve in the event folder
INFO: 2021-02-02 13:01:54: Done!
INFO: 2021-02-02 13:01:54: Saving Gti in the event folder
INFO: 2021-02-02 13:01:54: Done!
INFO: 2021-02-02 13:01:54: Processing obs ID 0100320108 (8/36)
INFO: 2021-02-02 13:01:54: Computing energy 0.5-10.0
INFO: 2021-02-02 13:01:54: Computing fmode tres: 0.0001220703125, time seg: 256.0, time bins: 2097152.0
INFO: 2021-02-02 13:01:54: Creating analysis folder...
INFO: 2021-02-02 13:01:54: 
INFO: 2021-02-02 13:01:54: Obs ID: 0100320108
INFO: 2021-02-02 13:01:54: Settings:
INFO: 2021-02-02 13:01:54: ------------------------------------------------------------
INFO: 2021-02-02 13:01:54: Selected energy band: 0.5-10.0 keV
INFO: 2021-02-02 13:01:54: Selected time resolution: 0.0001220703125 s
INFO: 2021-02-02 13:01:54: Log file name: compute_lc_D2_2_2021_T3_25
INFO: 2021-02-02 13:01:54: ------------------------------------------------------------
INFO: 2021-02-02 13:01:54: 
INFO: 2021-02-02 13:01:54: Processing event file: /Volumes/Seagate/NICER_data/Cygnus_X1/0100320108/xti/event_cl/ni0100320108_0mpu7_cl_bc_bdc.evt.gz
INFO: 2021-02-02 13:01:54: Reading event file
INFO: 2021-02-02 13:01:58: Done!
INFO: 2021-02-02 13:01:58: Reading GTI from event file
INFO: 2021-02-02 13:01:59: Done!
INFO: 2021-02-02 13:01:59: Computing lightcurve
INFO: 2021-02-02 13:02:07: Done!
INFO: 2021-02-02 13:02:07: Saving Lightcurve in the event folder
INFO: 2021-02-02 13:02:09: Done!
INFO: 2021-02-02 13:02:09: Saving Gti in the event folder
INFO: 2021-02-02 13:02:09: Done!
INFO: 2021-02-02 13:02:09: Computing energy 0.5-2.0
INFO: 2021-02-02 13:02:09: Computing fmode tres: 0.0001220703125, time seg: 256.0, time bins: 2097152.0
INFO: 2021-02-02 13:02:09: Creating analysis folder...
INFO: 2021-02-02 13:02:09: 
INFO: 2021-02-02 13:02:09: Obs ID: 0100320108
INFO: 2021-02-02 13:02:09: Settings:
INFO: 2021-02-02 13:02:09: ------------------------------------------------------------
INFO: 2021-02-02 13:02:09: Selected energy band: 0.5-2.0 keV
INFO: 2021-02-02 13:02:09: Selected time resolution: 0.0001220703125 s
INFO: 2021-02-02 13:02:09: Log file name: compute_lc_D2_2_2021_T3_25
INFO: 2021-02-02 13:02:09: ------------------------------------------------------------
INFO: 2021-02-02 13:02:09: 
INFO: 2021-02-02 13:02:09: Processing event file: /Volumes/Seagate/NICER_data/Cygnus_X1/0100320108/xti/event_cl/ni0100320108_0mpu7_cl_bc_bdc.evt.gz
INFO: 2021-02-02 13:02:09: Reading event file
INFO: 2021-02-02 13:02:11: Done!
INFO: 2021-02-02 13:02:11: Reading GTI from event file
INFO: 2021-02-02 13:02:12: Done!
INFO: 2021-02-02 13:02:12: Computing lightcurve
INFO: 2021-02-02 13:02:19: Done!
INFO: 2021-02-02 13:02:19: Saving Lightcurve in the event folder
INFO: 2021-02-02 13:02:21: Done!
INFO: 2021-02-02 13:02:21: Saving Gti in the event folder
INFO: 2021-02-02 13:02:21: Done!
INFO: 2021-02-02 13:02:21: Computing energy 2.0-10.0
INFO: 2021-02-02 13:02:21: Computing fmode tres: 0.0001220703125, time seg: 256.0, time bins: 2097152.0
INFO: 2021-02-02 13:02:21: Creating analysis folder...
INFO: 2021-02-02 13:02:21: 
INFO: 2021-02-02 13:02:21: Obs ID: 0100320108
INFO: 2021-02-02 13:02:21: Settings:
INFO: 2021-02-02 13:02:21: ------------------------------------------------------------
INFO: 2021-02-02 13:02:21: Selected energy band: 2.0-10.0 keV
INFO: 2021-02-02 13:02:21: Selected time resolution: 0.0001220703125 s
INFO: 2021-02-02 13:02:21: Log file name: compute_lc_D2_2_2021_T3_25
INFO: 2021-02-02 13:02:21: ------------------------------------------------------------
INFO: 2021-02-02 13:02:21: 
INFO: 2021-02-02 13:02:21: Processing event file: /Volumes/Seagate/NICER_data/Cygnus_X1/0100320108/xti/event_cl/ni0100320108_0mpu7_cl_bc_bdc.evt.gz
INFO: 2021-02-02 13:02:21: Reading event file
INFO: 2021-02-02 13:02:23: Done!
INFO: 2021-02-02 13:02:23: Reading GTI from event file
INFO: 2021-02-02 13:02:25: Done!
INFO: 2021-02-02 13:02:25: Computing lightcurve
INFO: 2021-02-02 13:02:27: Done!
INFO: 2021-02-02 13:02:27: Saving Lightcurve in the event folder
INFO: 2021-02-02 13:02:28: Done!
INFO: 2021-02-02 13:02:28: Saving Gti in the event folder
INFO: 2021-02-02 13:02:28: Done!
INFO: 2021-02-02 13:02:28: Processing obs ID 0100320109 (9/36)
INFO: 2021-02-02 13:02:28: Computing energy 0.5-10.0
INFO: 2021-02-02 13:02:28: Computing fmode tres: 0.0001220703125, time seg: 256.0, time bins: 2097152.0
INFO: 2021-02-02 13:02:28: Creating analysis folder...
INFO: 2021-02-02 13:02:28: 
INFO: 2021-02-02 13:02:28: Obs ID: 0100320109
INFO: 2021-02-02 13:02:28: Settings:
INFO: 2021-02-02 13:02:28: ------------------------------------------------------------
INFO: 2021-02-02 13:02:28: Selected energy band: 0.5-10.0 keV
INFO: 2021-02-02 13:02:28: Selected time resolution: 0.0001220703125 s
INFO: 2021-02-02 13:02:28: Log file name: compute_lc_D2_2_2021_T3_25
INFO: 2021-02-02 13:02:28: ------------------------------------------------------------
INFO: 2021-02-02 13:02:28: 
INFO: 2021-02-02 13:02:28: Processing event file: /Volumes/Seagate/NICER_data/Cygnus_X1/0100320109/xti/event_cl/ni0100320109_0mpu7_cl_bc_bdc.evt.gz
INFO: 2021-02-02 13:02:28: Reading event file
INFO: 2021-02-02 13:03:23: Done!
INFO: 2021-02-02 13:03:23: Reading GTI from event file
INFO: 2021-02-02 13:03:45: Done!
INFO: 2021-02-02 13:03:45: Computing lightcurve
INFO: 2021-02-03 03:00:37: Done!
INFO: 2021-02-03 03:00:37: Saving Lightcurve in the event folder
INFO: 2021-02-03 03:05:29: Done!
INFO: 2021-02-03 03:05:29: Saving Gti in the event folder
INFO: 2021-02-03 03:05:29: Done!
INFO: 2021-02-03 03:05:29: Computing energy 0.5-2.0
INFO: 2021-02-03 03:05:29: Computing fmode tres: 0.0001220703125, time seg: 256.0, time bins: 2097152.0
INFO: 2021-02-03 03:05:29: Creating analysis folder...
INFO: 2021-02-03 03:05:34: 
INFO: 2021-02-03 03:05:34: Obs ID: 0100320109
INFO: 2021-02-03 03:05:34: Settings:
INFO: 2021-02-03 03:05:34: ------------------------------------------------------------
INFO: 2021-02-03 03:05:34: Selected energy band: 0.5-2.0 keV
INFO: 2021-02-03 03:05:34: Selected time resolution: 0.0001220703125 s
INFO: 2021-02-03 03:05:34: Log file name: compute_lc_D2_2_2021_T3_25
INFO: 2021-02-03 03:05:34: ------------------------------------------------------------
INFO: 2021-02-03 03:05:34: 
INFO: 2021-02-03 03:05:34: Processing event file: /Volumes/Seagate/NICER_data/Cygnus_X1/0100320109/xti/event_cl/ni0100320109_0mpu7_cl_bc_bdc.evt.gz
INFO: 2021-02-03 03:05:34: Reading event file
INFO: 2021-02-03 03:06:34: Done!
INFO: 2021-02-03 03:06:34: Reading GTI from event file
INFO: 2021-02-03 03:07:01: Done!
INFO: 2021-02-03 03:07:01: Computing lightcurve
