INFO: 2021-02-02 03:21:17: Creating log folder...
INFO: 2021-02-02 03:21:51: Creating log folder...
INFO: 2021-02-02 03:22:16: Creating log folder...
INFO: 2021-02-02 03:22:16: COMMENTS:
INFO: 2021-02-02 03:22:16: 

INFO: 2021-02-02 03:22:16: Computing Lightcurve
INFO: 2021-02-02 03:22:16: Processing obs ID 0100320101 (1/36)
INFO: 2021-02-02 03:22:16: Computing energy 0.5-10.0
INFO: 2021-02-02 03:22:17: Computing fmode tres: 0.0001220703125, time seg: 256.0, time bins: 2097152.0
INFO: 2021-02-02 03:22:17: Creating analysis folder...
INFO: 2021-02-02 03:22:17: 
INFO: 2021-02-02 03:22:17: Obs ID: 0100320101
INFO: 2021-02-02 03:22:17: Settings:
INFO: 2021-02-02 03:22:17: ------------------------------------------------------------
INFO: 2021-02-02 03:22:17: Selected energy band: 0.5-10.0 keV
INFO: 2021-02-02 03:22:17: Selected time resolution: 0.0001220703125 s
INFO: 2021-02-02 03:22:17: Log file name: compute_lc_D2_2_2021_T3_22
INFO: 2021-02-02 03:22:17: ------------------------------------------------------------
INFO: 2021-02-02 03:22:17: 
INFO: 2021-02-02 03:22:17: Processing event file: /Volumes/Seagate/NICER_data/Cygnus_X1/0100320101/xti/event_cl/ni0100320101_0mpu7_cl_bc_bdc.evt.gz
INFO: 2021-02-02 03:22:17: Lightcurve list file lc_E0.5_10.0_T0.0001220703125.pkl already exists.
INFO: 2021-02-02 03:22:17: Computing energy 0.5-2.0
INFO: 2021-02-02 03:22:17: Computing fmode tres: 0.0001220703125, time seg: 256.0, time bins: 2097152.0
INFO: 2021-02-02 03:22:17: Creating analysis folder...
INFO: 2021-02-02 03:22:17: 
INFO: 2021-02-02 03:22:17: Obs ID: 0100320101
INFO: 2021-02-02 03:22:17: Settings:
INFO: 2021-02-02 03:22:17: ------------------------------------------------------------
INFO: 2021-02-02 03:22:17: Selected energy band: 0.5-2.0 keV
INFO: 2021-02-02 03:22:17: Selected time resolution: 0.0001220703125 s
INFO: 2021-02-02 03:22:17: Log file name: compute_lc_D2_2_2021_T3_22
INFO: 2021-02-02 03:22:17: ------------------------------------------------------------
INFO: 2021-02-02 03:22:17: 
INFO: 2021-02-02 03:22:17: Processing event file: /Volumes/Seagate/NICER_data/Cygnus_X1/0100320101/xti/event_cl/ni0100320101_0mpu7_cl_bc_bdc.evt.gz
INFO: 2021-02-02 03:22:17: Lightcurve list file lc_E0.5_2.0_T0.0001220703125.pkl already exists.
INFO: 2021-02-02 03:22:17: Computing energy 2.0-10.0
INFO: 2021-02-02 03:22:17: Computing fmode tres: 0.0001220703125, time seg: 256.0, time bins: 2097152.0
INFO: 2021-02-02 03:22:17: Creating analysis folder...
INFO: 2021-02-02 03:22:17: 
INFO: 2021-02-02 03:22:17: Obs ID: 0100320101
INFO: 2021-02-02 03:22:17: Settings:
INFO: 2021-02-02 03:22:17: ------------------------------------------------------------
INFO: 2021-02-02 03:22:17: Selected energy band: 2.0-10.0 keV
INFO: 2021-02-02 03:22:17: Selected time resolution: 0.0001220703125 s
INFO: 2021-02-02 03:22:17: Log file name: compute_lc_D2_2_2021_T3_22
INFO: 2021-02-02 03:22:17: ------------------------------------------------------------
INFO: 2021-02-02 03:22:17: 
INFO: 2021-02-02 03:22:17: Processing event file: /Volumes/Seagate/NICER_data/Cygnus_X1/0100320101/xti/event_cl/ni0100320101_0mpu7_cl_bc_bdc.evt.gz
INFO: 2021-02-02 03:22:17: Lightcurve list file lc_E2.0_10.0_T0.0001220703125.pkl already exists.
INFO: 2021-02-02 03:22:17: Processing obs ID 0100320102 (2/36)
INFO: 2021-02-02 03:22:17: Computing energy 0.5-10.0
INFO: 2021-02-02 03:22:17: Computing fmode tres: 0.0001220703125, time seg: 256.0, time bins: 2097152.0
INFO: 2021-02-02 03:22:17: Creating analysis folder...
INFO: 2021-02-02 03:22:17: 
INFO: 2021-02-02 03:22:17: Obs ID: 0100320102
INFO: 2021-02-02 03:22:17: Settings:
INFO: 2021-02-02 03:22:17: ------------------------------------------------------------
INFO: 2021-02-02 03:22:17: Selected energy band: 0.5-10.0 keV
INFO: 2021-02-02 03:22:17: Selected time resolution: 0.0001220703125 s
INFO: 2021-02-02 03:22:17: Log file name: compute_lc_D2_2_2021_T3_22
INFO: 2021-02-02 03:22:17: ------------------------------------------------------------
INFO: 2021-02-02 03:22:17: 
INFO: 2021-02-02 03:22:17: Processing event file: /Volumes/Seagate/NICER_data/Cygnus_X1/0100320102/xti/event_cl/ni0100320102_0mpu7_cl_bc_bdc.evt.gz
INFO: 2021-02-02 03:22:17: Lightcurve list file lc_E0.5_10.0_T0.0001220703125.pkl already exists.
INFO: 2021-02-02 03:22:17: Computing energy 0.5-2.0
INFO: 2021-02-02 03:22:17: Computing fmode tres: 0.0001220703125, time seg: 256.0, time bins: 2097152.0
INFO: 2021-02-02 03:22:17: Creating analysis folder...
INFO: 2021-02-02 03:22:17: 
INFO: 2021-02-02 03:22:17: Obs ID: 0100320102
INFO: 2021-02-02 03:22:17: Settings:
INFO: 2021-02-02 03:22:17: ------------------------------------------------------------
INFO: 2021-02-02 03:22:17: Selected energy band: 0.5-2.0 keV
INFO: 2021-02-02 03:22:17: Selected time resolution: 0.0001220703125 s
INFO: 2021-02-02 03:22:17: Log file name: compute_lc_D2_2_2021_T3_22
INFO: 2021-02-02 03:22:17: ------------------------------------------------------------
INFO: 2021-02-02 03:22:17: 
INFO: 2021-02-02 03:22:17: Processing event file: /Volumes/Seagate/NICER_data/Cygnus_X1/0100320102/xti/event_cl/ni0100320102_0mpu7_cl_bc_bdc.evt.gz
INFO: 2021-02-02 03:22:17: Lightcurve list file lc_E0.5_2.0_T0.0001220703125.pkl already exists.
INFO: 2021-02-02 03:22:17: Computing energy 2.0-10.0
INFO: 2021-02-02 03:22:17: Computing fmode tres: 0.0001220703125, time seg: 256.0, time bins: 2097152.0
INFO: 2021-02-02 03:22:17: Creating analysis folder...
INFO: 2021-02-02 03:22:17: 
INFO: 2021-02-02 03:22:17: Obs ID: 0100320102
INFO: 2021-02-02 03:22:17: Settings:
INFO: 2021-02-02 03:22:17: ------------------------------------------------------------
INFO: 2021-02-02 03:22:17: Selected energy band: 2.0-10.0 keV
INFO: 2021-02-02 03:22:17: Selected time resolution: 0.0001220703125 s
INFO: 2021-02-02 03:22:17: Log file name: compute_lc_D2_2_2021_T3_22
INFO: 2021-02-02 03:22:17: ------------------------------------------------------------
INFO: 2021-02-02 03:22:17: 
INFO: 2021-02-02 03:22:17: Processing event file: /Volumes/Seagate/NICER_data/Cygnus_X1/0100320102/xti/event_cl/ni0100320102_0mpu7_cl_bc_bdc.evt.gz
INFO: 2021-02-02 03:22:17: Lightcurve list file lc_E2.0_10.0_T0.0001220703125.pkl already exists.
INFO: 2021-02-02 03:22:17: Processing obs ID 0100320103 (3/36)
INFO: 2021-02-02 03:22:17: Computing energy 0.5-10.0
INFO: 2021-02-02 03:22:17: Computing fmode tres: 0.0001220703125, time seg: 256.0, time bins: 2097152.0
INFO: 2021-02-02 03:22:17: Creating analysis folder...
INFO: 2021-02-02 03:22:17: 
INFO: 2021-02-02 03:22:17: Obs ID: 0100320103
INFO: 2021-02-02 03:22:17: Settings:
INFO: 2021-02-02 03:22:17: ------------------------------------------------------------
INFO: 2021-02-02 03:22:17: Selected energy band: 0.5-10.0 keV
INFO: 2021-02-02 03:22:17: Selected time resolution: 0.0001220703125 s
INFO: 2021-02-02 03:22:17: Log file name: compute_lc_D2_2_2021_T3_22
INFO: 2021-02-02 03:22:17: ------------------------------------------------------------
INFO: 2021-02-02 03:22:17: 
INFO: 2021-02-02 03:22:17: Processing event file: /Volumes/Seagate/NICER_data/Cygnus_X1/0100320103/xti/event_cl/ni0100320103_0mpu7_cl_bc_bdc.evt.gz
INFO: 2021-02-02 03:22:17: Lightcurve list file lc_E0.5_10.0_T0.0001220703125.pkl already exists.
INFO: 2021-02-02 03:22:17: Computing energy 0.5-2.0
INFO: 2021-02-02 03:22:17: Computing fmode tres: 0.0001220703125, time seg: 256.0, time bins: 2097152.0
INFO: 2021-02-02 03:22:17: Creating analysis folder...
INFO: 2021-02-02 03:22:17: 
INFO: 2021-02-02 03:22:17: Obs ID: 0100320103
INFO: 2021-02-02 03:22:17: Settings:
INFO: 2021-02-02 03:22:17: ------------------------------------------------------------
INFO: 2021-02-02 03:22:17: Selected energy band: 0.5-2.0 keV
INFO: 2021-02-02 03:22:17: Selected time resolution: 0.0001220703125 s
INFO: 2021-02-02 03:22:17: Log file name: compute_lc_D2_2_2021_T3_22
INFO: 2021-02-02 03:22:17: ------------------------------------------------------------
INFO: 2021-02-02 03:22:17: 
INFO: 2021-02-02 03:22:17: Processing event file: /Volumes/Seagate/NICER_data/Cygnus_X1/0100320103/xti/event_cl/ni0100320103_0mpu7_cl_bc_bdc.evt.gz
INFO: 2021-02-02 03:22:17: Lightcurve list file lc_E0.5_2.0_T0.0001220703125.pkl already exists.
INFO: 2021-02-02 03:22:17: Computing energy 2.0-10.0
INFO: 2021-02-02 03:22:17: Computing fmode tres: 0.0001220703125, time seg: 256.0, time bins: 2097152.0
INFO: 2021-02-02 03:22:17: Creating analysis folder...
INFO: 2021-02-02 03:22:17: 
INFO: 2021-02-02 03:22:17: Obs ID: 0100320103
INFO: 2021-02-02 03:22:17: Settings:
INFO: 2021-02-02 03:22:17: ------------------------------------------------------------
INFO: 2021-02-02 03:22:17: Selected energy band: 2.0-10.0 keV
INFO: 2021-02-02 03:22:17: Selected time resolution: 0.0001220703125 s
INFO: 2021-02-02 03:22:17: Log file name: compute_lc_D2_2_2021_T3_22
INFO: 2021-02-02 03:22:17: ------------------------------------------------------------
INFO: 2021-02-02 03:22:17: 
INFO: 2021-02-02 03:22:17: Processing event file: /Volumes/Seagate/NICER_data/Cygnus_X1/0100320103/xti/event_cl/ni0100320103_0mpu7_cl_bc_bdc.evt.gz
INFO: 2021-02-02 03:22:17: Lightcurve list file lc_E2.0_10.0_T0.0001220703125.pkl already exists.
INFO: 2021-02-02 03:22:17: Processing obs ID 0100320104 (4/36)
INFO: 2021-02-02 03:22:17: Computing energy 0.5-10.0
INFO: 2021-02-02 03:22:17: Computing fmode tres: 0.0001220703125, time seg: 256.0, time bins: 2097152.0
INFO: 2021-02-02 03:22:17: Creating analysis folder...
INFO: 2021-02-02 03:22:17: 
INFO: 2021-02-02 03:22:17: Obs ID: 0100320104
INFO: 2021-02-02 03:22:17: Settings:
INFO: 2021-02-02 03:22:17: ------------------------------------------------------------
INFO: 2021-02-02 03:22:17: Selected energy band: 0.5-10.0 keV
INFO: 2021-02-02 03:22:17: Selected time resolution: 0.0001220703125 s
INFO: 2021-02-02 03:22:17: Log file name: compute_lc_D2_2_2021_T3_22
INFO: 2021-02-02 03:22:17: ------------------------------------------------------------
INFO: 2021-02-02 03:22:17: 
INFO: 2021-02-02 03:22:17: Processing event file: /Volumes/Seagate/NICER_data/Cygnus_X1/0100320104/xti/event_cl/ni0100320104_0mpu7_cl_bc_bdc.evt.gz
INFO: 2021-02-02 03:22:17: Lightcurve list file lc_E0.5_10.0_T0.0001220703125.pkl already exists.
INFO: 2021-02-02 03:22:17: Computing energy 0.5-2.0
INFO: 2021-02-02 03:22:17: Computing fmode tres: 0.0001220703125, time seg: 256.0, time bins: 2097152.0
INFO: 2021-02-02 03:22:17: Creating analysis folder...
INFO: 2021-02-02 03:22:17: 
INFO: 2021-02-02 03:22:17: Obs ID: 0100320104
INFO: 2021-02-02 03:22:17: Settings:
INFO: 2021-02-02 03:22:17: ------------------------------------------------------------
INFO: 2021-02-02 03:22:17: Selected energy band: 0.5-2.0 keV
INFO: 2021-02-02 03:22:17: Selected time resolution: 0.0001220703125 s
INFO: 2021-02-02 03:22:17: Log file name: compute_lc_D2_2_2021_T3_22
INFO: 2021-02-02 03:22:17: ------------------------------------------------------------
INFO: 2021-02-02 03:22:17: 
INFO: 2021-02-02 03:22:17: Processing event file: /Volumes/Seagate/NICER_data/Cygnus_X1/0100320104/xti/event_cl/ni0100320104_0mpu7_cl_bc_bdc.evt.gz
INFO: 2021-02-02 03:22:17: Lightcurve list file lc_E0.5_2.0_T0.0001220703125.pkl already exists.
INFO: 2021-02-02 03:22:17: Computing energy 2.0-10.0
INFO: 2021-02-02 03:22:17: Computing fmode tres: 0.0001220703125, time seg: 256.0, time bins: 2097152.0
INFO: 2021-02-02 03:22:17: Creating analysis folder...
INFO: 2021-02-02 03:22:17: 
INFO: 2021-02-02 03:22:17: Obs ID: 0100320104
INFO: 2021-02-02 03:22:17: Settings:
INFO: 2021-02-02 03:22:17: ------------------------------------------------------------
INFO: 2021-02-02 03:22:17: Selected energy band: 2.0-10.0 keV
INFO: 2021-02-02 03:22:17: Selected time resolution: 0.0001220703125 s
INFO: 2021-02-02 03:22:17: Log file name: compute_lc_D2_2_2021_T3_22
INFO: 2021-02-02 03:22:17: ------------------------------------------------------------
INFO: 2021-02-02 03:22:17: 
INFO: 2021-02-02 03:22:17: Processing event file: /Volumes/Seagate/NICER_data/Cygnus_X1/0100320104/xti/event_cl/ni0100320104_0mpu7_cl_bc_bdc.evt.gz
INFO: 2021-02-02 03:22:17: Lightcurve list file lc_E2.0_10.0_T0.0001220703125.pkl already exists.
INFO: 2021-02-02 03:22:17: Processing obs ID 0100320105 (5/36)
INFO: 2021-02-02 03:22:17: Computing energy 0.5-10.0
INFO: 2021-02-02 03:22:17: Computing fmode tres: 0.0001220703125, time seg: 256.0, time bins: 2097152.0
INFO: 2021-02-02 03:22:17: Creating analysis folder...
INFO: 2021-02-02 03:22:17: 
INFO: 2021-02-02 03:22:17: Obs ID: 0100320105
INFO: 2021-02-02 03:22:17: Settings:
INFO: 2021-02-02 03:22:17: ------------------------------------------------------------
INFO: 2021-02-02 03:22:17: Selected energy band: 0.5-10.0 keV
INFO: 2021-02-02 03:22:17: Selected time resolution: 0.0001220703125 s
INFO: 2021-02-02 03:22:17: Log file name: compute_lc_D2_2_2021_T3_22
INFO: 2021-02-02 03:22:17: ------------------------------------------------------------
INFO: 2021-02-02 03:22:17: 
INFO: 2021-02-02 03:22:17: Processing event file: /Volumes/Seagate/NICER_data/Cygnus_X1/0100320105/xti/event_cl/ni0100320105_0mpu7_cl_bc_bdc.evt.gz
INFO: 2021-02-02 03:22:17: Lightcurve list file lc_E0.5_10.0_T0.0001220703125.pkl already exists.
INFO: 2021-02-02 03:22:17: Computing energy 0.5-2.0
INFO: 2021-02-02 03:22:17: Computing fmode tres: 0.0001220703125, time seg: 256.0, time bins: 2097152.0
INFO: 2021-02-02 03:22:17: Creating analysis folder...
INFO: 2021-02-02 03:22:17: 
INFO: 2021-02-02 03:22:17: Obs ID: 0100320105
INFO: 2021-02-02 03:22:17: Settings:
INFO: 2021-02-02 03:22:17: ------------------------------------------------------------
INFO: 2021-02-02 03:22:17: Selected energy band: 0.5-2.0 keV
INFO: 2021-02-02 03:22:17: Selected time resolution: 0.0001220703125 s
INFO: 2021-02-02 03:22:17: Log file name: compute_lc_D2_2_2021_T3_22
INFO: 2021-02-02 03:22:17: ------------------------------------------------------------
INFO: 2021-02-02 03:22:17: 
INFO: 2021-02-02 03:22:17: Processing event file: /Volumes/Seagate/NICER_data/Cygnus_X1/0100320105/xti/event_cl/ni0100320105_0mpu7_cl_bc_bdc.evt.gz
INFO: 2021-02-02 03:22:17: Lightcurve list file lc_E0.5_2.0_T0.0001220703125.pkl already exists.
INFO: 2021-02-02 03:22:17: Computing energy 2.0-10.0
INFO: 2021-02-02 03:22:17: Computing fmode tres: 0.0001220703125, time seg: 256.0, time bins: 2097152.0
INFO: 2021-02-02 03:22:17: Creating analysis folder...
INFO: 2021-02-02 03:22:17: 
INFO: 2021-02-02 03:22:17: Obs ID: 0100320105
INFO: 2021-02-02 03:22:17: Settings:
INFO: 2021-02-02 03:22:17: ------------------------------------------------------------
INFO: 2021-02-02 03:22:17: Selected energy band: 2.0-10.0 keV
INFO: 2021-02-02 03:22:17: Selected time resolution: 0.0001220703125 s
INFO: 2021-02-02 03:22:17: Log file name: compute_lc_D2_2_2021_T3_22
INFO: 2021-02-02 03:22:17: ------------------------------------------------------------
INFO: 2021-02-02 03:22:17: 
INFO: 2021-02-02 03:22:17: Processing event file: /Volumes/Seagate/NICER_data/Cygnus_X1/0100320105/xti/event_cl/ni0100320105_0mpu7_cl_bc_bdc.evt.gz
INFO: 2021-02-02 03:22:17: Lightcurve list file lc_E2.0_10.0_T0.0001220703125.pkl already exists.
INFO: 2021-02-02 03:22:17: Processing obs ID 0100320106 (6/36)
INFO: 2021-02-02 03:22:17: Computing energy 0.5-10.0
INFO: 2021-02-02 03:22:17: Computing fmode tres: 0.0001220703125, time seg: 256.0, time bins: 2097152.0
INFO: 2021-02-02 03:22:17: Creating analysis folder...
INFO: 2021-02-02 03:22:17: 
INFO: 2021-02-02 03:22:17: Obs ID: 0100320106
INFO: 2021-02-02 03:22:17: Settings:
INFO: 2021-02-02 03:22:17: ------------------------------------------------------------
INFO: 2021-02-02 03:22:17: Selected energy band: 0.5-10.0 keV
INFO: 2021-02-02 03:22:17: Selected time resolution: 0.0001220703125 s
INFO: 2021-02-02 03:22:17: Log file name: compute_lc_D2_2_2021_T3_22
INFO: 2021-02-02 03:22:17: ------------------------------------------------------------
INFO: 2021-02-02 03:22:17: 
INFO: 2021-02-02 03:22:17: Processing event file: /Volumes/Seagate/NICER_data/Cygnus_X1/0100320106/xti/event_cl/ni0100320106_0mpu7_cl_bc_bdc.evt.gz
INFO: 2021-02-02 03:22:17: Reading event file
