INFO: 2020-11-07 14:32:08: Creating log folder...
INFO: 2020-11-07 14:32:08: COMMENTS:
INFO: 2020-11-07 14:32:08: To check general properties of the power spectrum, Nyquist frequency 4096 Hz, 4 energy bands including a very full energy bands

INFO: 2020-11-07 14:32:08: Computing power
INFO: 2020-11-07 14:32:08: Processing obs ID 0100320101
INFO: 2020-11-07 14:32:08: Computing energy 0.0-20.0
INFO: 2020-11-07 14:32:08: Computing fmode tres: 0.0001220703125, time seg: 128.0, time bins: 1048576.0
INFO: 2020-11-07 14:32:08: Creating analysis folder...
INFO: 2020-11-07 14:32:08: Reducing NICER data
INFO: 2020-11-07 14:32:09: Creating obs_ID folder...
INFO: 2020-11-07 14:32:09: 
INFO: 2020-11-07 14:32:09: Obs ID: 0100320101
INFO: 2020-11-07 14:32:09: Settings:
INFO: 2020-11-07 14:32:09: ------------------------------------------------------------
INFO: 2020-11-07 14:32:09: Selected energy band: 0.0-20.0 keV
INFO: 2020-11-07 14:32:09: Selected time resolution: 0.0001220703125 s
INFO: 2020-11-07 14:32:09: Selected time segment: 128.0 s
INFO: 2020-11-07 14:32:09: Time bins: 1048576
INFO: 2020-11-07 14:32:09: Selected GTI minimum duration: 128.0 s
INFO: 2020-11-07 14:32:09: Splitting event in GTIs? Yes
INFO: 2020-11-07 14:32:09: Log file name: compute_power_D7_11_2020_T14_32
INFO: 2020-11-07 14:32:09: ------------------------------------------------------------
INFO: 2020-11-07 14:32:09: 
INFO: 2020-11-07 14:32:09: Processing event file: /Volumes/Seagate/NICER_data/Cygnus_X1/0100320101/xti/event_cl/ni0100320101_0mpu7_cl_bc_bdc.evt.gz
INFO: 2020-11-07 14:32:09: Reading event file
INFO: 2020-11-07 14:32:12: Done!
INFO: 2020-11-07 14:32:12: Reading GTI from event file
INFO: 2020-11-07 14:32:14: Done!
INFO: 2020-11-07 14:32:14: Splitting event according to GTIs
INFO: 2020-11-07 14:32:14: NumExpr defaulting to 8 threads.
INFO: 2020-11-07 14:32:14: Computing lightcurve
INFO: 2020-11-07 14:32:14: Could not compute lightcurve
INFO: 2020-11-07 14:32:14: 'EventList' object has no attribute 'history'
INFO: 2020-11-07 14:32:14: Splitting lightcurve list according to segments
INFO: 2020-11-07 14:32:14: Could not split the lightcurve
INFO: 2020-11-07 14:32:14: local variable 'lcs' referenced before assignment
INFO: 2020-11-07 14:32:14: Saving LightcurveList in the event folder
