INFO: 2021-03-07 16:03:25: ************************************************************************
INFO: 2021-03-07 16:03:25: ************************        read_lc         ************************
INFO: 2021-03-07 16:03:25: ************************************************************************
INFO: 2021-03-07 16:03:25: Reading HXMT lightcurve FITS file
INFO: 2021-03-07 16:03:25: Creating analysis folder...
INFO: 2021-03-07 16:03:25: Reading FITS file
WARNING: 2021-03-07 16:03:25: Could not read key SOFTVER in ext COUNTS of /Volumes/Samsung_T5/from_zhen/CygX-1_HXMT/CygX-1_HXMT/PDS_fitting/P010131500101-20170824-01-01_HE_net_3_163_lc_all.lc
WARNING: 2021-03-07 16:03:25: Could not read key CALDBVER in ext COUNTS of /Volumes/Samsung_T5/from_zhen/CygX-1_HXMT/CygX-1_HXMT/PDS_fitting/P010131500101-20170824-01-01_HE_net_3_163_lc_all.lc
WARNING: 2021-03-07 16:03:25: Could not read key GCALFILE in ext COUNTS of /Volumes/Samsung_T5/from_zhen/CygX-1_HXMT/CygX-1_HXMT/PDS_fitting/P010131500101-20170824-01-01_HE_net_3_163_lc_all.lc
WARNING: 2021-03-07 16:03:25: Could not read key MJDREF in ext COUNTS of /Volumes/Samsung_T5/from_zhen/CygX-1_HXMT/CygX-1_HXMT/PDS_fitting/P010131500101-20170824-01-01_HE_net_3_163_lc_all.lc
WARNING: 2021-03-07 16:03:25: Could not read key LEAPINIT in ext COUNTS of /Volumes/Samsung_T5/from_zhen/CygX-1_HXMT/CygX-1_HXMT/PDS_fitting/P010131500101-20170824-01-01_HE_net_3_163_lc_all.lc
INFO: 2021-03-07 16:03:25: NumExpr defaulting to 8 threads.
INFO: 2021-03-07 16:03:25: Done!
INFO: 2021-03-07 16:03:25: 
INFO: 2021-03-07 16:03:25: Obs ID: HE
INFO: 2021-03-07 16:03:25: Settings:
INFO: 2021-03-07 16:03:25: ------------------------------------------------------------
INFO: 2021-03-07 16:03:25: Selected energy band: 19.3-250.6 keV
INFO: 2021-03-07 16:03:25: Selected time resolution: 0.00390625 s
INFO: 2021-03-07 16:03:25: Log file name: /Volumes/Samsung_T5/kronos/examples/outputs/logs/make_power_D7_3_2021_T16_3
INFO: 2021-03-07 16:03:25: ------------------------------------------------------------
INFO: 2021-03-07 16:03:25: 
INFO: 2021-03-07 16:03:25: Reading GTI from event file
INFO: 2021-03-07 16:03:25: Done!
INFO: 2021-03-07 16:03:25: Saving Lightcurve in the event folder
INFO: 2021-03-07 16:03:26: Done!
INFO: 2021-03-07 16:03:26: Saving Gti in the event folder
INFO: 2021-03-07 16:03:26: Done!
INFO: 2021-03-07 16:03:26: Splitting lightcurve according to GTI
INFO: 2021-03-07 16:03:26: Done!
INFO: 2021-03-07 16:03:26: Saving Lightcurve list in the event folder
INFO: 2021-03-07 16:03:26: Done!
