INFO: 2021-03-06 21:24:53: ************************************************************************
INFO: 2021-03-06 21:24:53: ************************        make_lc         ************************
INFO: 2021-03-06 21:24:53: ************************************************************************
INFO: 2021-03-06 21:24:53: Creating analysis folder...
INFO: 2021-03-06 21:24:53: 
INFO: 2021-03-06 21:24:53: Obs ID: 0100320101
INFO: 2021-03-06 21:24:53: Settings:
INFO: 2021-03-06 21:24:53: ------------------------------------------------------------
INFO: 2021-03-06 21:24:53: Selected energy band: 0.5-10.0 keV
INFO: 2021-03-06 21:24:53: Selected time resolution: 0.0078125 s
INFO: 2021-03-06 21:24:53: Split events: yes
INFO: 2021-03-06 21:24:53: Log file name: /Volumes/Samsung_T5/kronos/examples/outputs/logs/make_lc_D6_3_2021_T21_24
INFO: 2021-03-06 21:24:53: ------------------------------------------------------------
INFO: 2021-03-06 21:24:53: 
INFO: 2021-03-06 21:24:53: Reading event file
WARNING: 2021-03-06 21:25:08: Could not read key MJDREF in ext EVENTS of /Volumes/Seagate/NICER_data/Cygnus_X1/0100320101/xti/event_cl/ni0100320101_0mpu7_cl_bc_bdc.evt.gz
INFO: 2021-03-06 21:25:15: Done!
INFO: 2021-03-06 21:25:15: Reading GTI from event file
INFO: 2021-03-06 21:25:16: Done!
INFO: 2021-03-06 21:25:16: N. GTIs: 4
INFO: 2021-03-06 21:25:16: Splitting events according to GTIs
INFO: 2021-03-06 21:25:16: NumExpr defaulting to 8 threads.
INFO: 2021-03-06 21:25:17: Done!
INFO: 2021-03-06 21:25:17: Computing lightcurve list
INFO: 2021-03-06 21:25:17: Could not compute lightcurve list
INFO: 2021-03-06 21:25:17: If using all scalar values, you must pass an index
