INFO: 2021-03-06 23:15:44: ************************************************************************
INFO: 2021-03-06 23:15:44: ************************        make_lc         ************************
INFO: 2021-03-06 23:15:44: ************************************************************************
INFO: 2021-03-06 23:15:44: Creating analysis folder...
INFO: 2021-03-06 23:15:44: 
INFO: 2021-03-06 23:15:44: Obs ID: 0100320101
INFO: 2021-03-06 23:15:44: Settings:
INFO: 2021-03-06 23:15:44: ------------------------------------------------------------
INFO: 2021-03-06 23:15:44: Selected energy band: 0.5-10.0 keV
INFO: 2021-03-06 23:15:44: Selected time resolution: 0.0078125 s
INFO: 2021-03-06 23:15:44: Split events: yes
INFO: 2021-03-06 23:15:44: Log file name: /Volumes/Samsung_T5/kronos/examples/outputs/logs/make_lc_D6_3_2021_T23_15
INFO: 2021-03-06 23:15:44: ------------------------------------------------------------
INFO: 2021-03-06 23:15:44: 
INFO: 2021-03-06 23:15:44: Reading event file
WARNING: 2021-03-06 23:15:57: Could not read key MJDREF in ext EVENTS of /Volumes/Seagate/NICER_data/Cygnus_X1/0100320101/xti/event_cl/ni0100320101_0mpu7_cl_bc_bdc.evt.gz
INFO: 2021-03-06 23:16:05: Done!
INFO: 2021-03-06 23:16:05: Reading GTI from event file
INFO: 2021-03-06 23:16:06: Done!
INFO: 2021-03-06 23:16:06: N. GTIs: 4
INFO: 2021-03-06 23:16:06: Splitting events according to GTIs
INFO: 2021-03-06 23:16:06: NumExpr defaulting to 8 threads.
INFO: 2021-03-06 23:16:07: Done!
INFO: 2021-03-06 23:16:07: Computing lightcurve list
INFO: 2021-03-06 23:16:07: Done!
INFO: 2021-03-06 23:16:07: Saving Lightcurve in the event folder
INFO: 2021-03-06 23:16:07: Done!
INFO: 2021-03-06 23:16:07: Saving Gti in the event folder
INFO: 2021-03-06 23:16:07: Done!
