INFO: 2020-11-06 03:34:40: Creating log folder...
INFO: 2020-11-06 03:34:40: Creating analysis folder...
INFO: 2020-11-06 03:34:40: Reducing NICER data
INFO: 2020-11-06 03:34:40: 
INFO: 2020-11-06 03:34:40: Obs ID: 0100320101
INFO: 2020-11-06 03:34:40: Settings:
INFO: 2020-11-06 03:34:40: ------------------------------------------------------------
INFO: 2020-11-06 03:34:40: Selected energy band: 0.5-10.0 keV
INFO: 2020-11-06 03:34:40: Selected time resolution: 0.0078125 s
INFO: 2020-11-06 03:34:40: Selected time segment: 128.0 s
INFO: 2020-11-06 03:34:40: Time bins: 16384
INFO: 2020-11-06 03:34:40: Selected GTI minimum duration: 128 s
INFO: 2020-11-06 03:34:40: Splitting event in GTIs? No
INFO: 2020-11-06 03:34:40: Log file name: makers_D6_11_2020_T3_34
INFO: 2020-11-06 03:34:40: ------------------------------------------------------------
INFO: 2020-11-06 03:34:40: 
INFO: 2020-11-06 03:34:40: Processing event file: /Volumes/Seagate/NICER_data/Cygnus_X1/0100320101/xti/event_cl/ni0100320101_0mpu7_cl_bc_bdc.evt.gz
INFO: 2020-11-06 03:34:40: Lightcurve list file /Volumes/Transcend/NICER/Cyg_X1/analysis/0100320101/lc_list_E0.5_10.0_T0.0078125_128.0.pkl already exists. Loading...
INFO: 2020-11-06 03:34:41: Computing power spectrum list
INFO: 2020-11-06 03:34:41: Could not compute power list
INFO: 2020-11-06 03:34:41: local variable 'lcs2' referenced before assignment
INFO: 2020-11-06 03:34:41: Saving power list
