INFO: 2020-11-06 03:31:14: Creating log folder...
INFO: 2020-11-06 03:31:14: Creating analysis folder...
INFO: 2020-11-06 03:31:14: Reducing NICER data
INFO: 2020-11-06 03:31:14: 
INFO: 2020-11-06 03:31:14: Obs ID: 0100320101
INFO: 2020-11-06 03:31:14: Settings:
INFO: 2020-11-06 03:31:14: ------------------------------------------------------------
INFO: 2020-11-06 03:31:14: Selected energy band: 0.5-10.0 keV
INFO: 2020-11-06 03:31:14: Selected time resolution: 0.0078125 s
INFO: 2020-11-06 03:31:14: Selected time segment: 128.0 s
INFO: 2020-11-06 03:31:14: Time bins: 16384
INFO: 2020-11-06 03:31:14: Selected GTI minimum duration: 128 s
INFO: 2020-11-06 03:31:14: Splitting event in GTIs? No
INFO: 2020-11-06 03:31:14: Log file name: makers_D6_11_2020_T3_31
INFO: 2020-11-06 03:31:14: ------------------------------------------------------------
INFO: 2020-11-06 03:31:14: 
INFO: 2020-11-06 03:31:14: Processing event file: /Volumes/Seagate/NICER_data/Cygnus_X1/0100320101/xti/event_cl/ni0100320101_0mpu7_cl_bc_bdc.evt.gz
INFO: 2020-11-06 03:31:14: Reading event file
INFO: 2020-11-06 03:31:18: Done!
INFO: 2020-11-06 03:31:18: Reading GTI from event file
INFO: 2020-11-06 03:31:19: Done!
INFO: 2020-11-06 03:31:19: Computing lightcurve
INFO: 2020-11-06 03:31:19: NumExpr defaulting to 8 threads.
INFO: 2020-11-06 03:31:20: Done!
INFO: 2020-11-06 03:31:20: Splitting lightcurve according to GTI
INFO: 2020-11-06 03:31:20: Done!
INFO: 2020-11-06 03:31:20: Splitting lightcurve list according to segments
INFO: 2020-11-06 03:31:20: Done!
INFO: 2020-11-06 03:31:20: Saving LightcurveList in the event folder
INFO: 2020-11-06 03:31:20: Computing power spectrum list
INFO: 2020-11-06 03:31:20: Done!
INFO: 2020-11-06 03:31:20: Saving power list
