INFO: 2020-11-06 03:28:03: Creating log folder...
INFO: 2020-11-06 03:28:03: Creating analysis folder...
INFO: 2020-11-06 03:28:03: Reducing NICER data
INFO: 2020-11-06 03:28:03: 
INFO: 2020-11-06 03:28:03: Obs ID: 0100320101
INFO: 2020-11-06 03:28:03: Settings:
INFO: 2020-11-06 03:28:03: ------------------------------------------------------------
INFO: 2020-11-06 03:28:03: Selected energy band: 0.5-10.0 keV
INFO: 2020-11-06 03:28:03: Selected time resolution: 0.0078125 s
INFO: 2020-11-06 03:28:03: Selected time segment: 128.0 s
INFO: 2020-11-06 03:28:03: Time bins: 16384
INFO: 2020-11-06 03:28:03: Selected GTI minimum duration: 128 s
INFO: 2020-11-06 03:28:03: Splitting event in GTIs? No
INFO: 2020-11-06 03:28:03: Log file name: makers_D6_11_2020_T3_28
INFO: 2020-11-06 03:28:03: ------------------------------------------------------------
INFO: 2020-11-06 03:28:03: 
INFO: 2020-11-06 03:28:03: Processing event file: /Volumes/Seagate/NICER_data/Cygnus_X1/0100320101/xti/event_cl/ni0100320101_0mpu7_cl_bc_bdc.evt.gz
INFO: 2020-11-06 03:28:03: Reading event file
INFO: 2020-11-06 03:28:06: Done!
INFO: 2020-11-06 03:28:06: Reading GTI from event file
INFO: 2020-11-06 03:28:07: Done!
INFO: 2020-11-06 03:28:07: Computing lightcurve
INFO: 2020-11-06 03:28:08: NumExpr defaulting to 8 threads.
INFO: 2020-11-06 03:28:08: Done!
INFO: 2020-11-06 03:28:08: Splitting lightcurve according to GTI
INFO: 2020-11-06 03:28:08: Done!
INFO: 2020-11-06 03:28:08: Splitting lightcurve list according to segments
INFO: 2020-11-06 03:28:08: Done!
INFO: 2020-11-06 03:28:08: Saving LightcurveList in the event folder
