INFO: 2020-11-06 03:26:20: Creating log folder...
INFO: 2020-11-06 03:26:20: Creating analysis folder...
INFO: 2020-11-06 03:26:20: Reducing NICER data
INFO: 2020-11-06 03:26:20: 
INFO: 2020-11-06 03:26:20: Obs ID: 0100320101
INFO: 2020-11-06 03:26:20: Settings:
INFO: 2020-11-06 03:26:20: ------------------------------------------------------------
INFO: 2020-11-06 03:26:20: Selected energy band: 0.5-10.0 keV
INFO: 2020-11-06 03:26:20: Selected time resolution: 0.0078125 s
INFO: 2020-11-06 03:26:20: Selected time segment: 128.0 s
INFO: 2020-11-06 03:26:20: Time bins: 16384
INFO: 2020-11-06 03:26:20: Selected GTI minimum duration: 128 s
INFO: 2020-11-06 03:26:20: Splitting event in GTIs? No
INFO: 2020-11-06 03:26:20: Log file name: makers_D6_11_2020_T3_26
INFO: 2020-11-06 03:26:20: ------------------------------------------------------------
INFO: 2020-11-06 03:26:20: 
INFO: 2020-11-06 03:26:20: Processing event file: /Volumes/Seagate/NICER_data/Cygnus_X1/0100320101/xti/event_cl/ni0100320101_0mpu7_cl_bc_bdc.evt.gz
INFO: 2020-11-06 03:26:20: Reading event file
INFO: 2020-11-06 03:26:22: Done!
INFO: 2020-11-06 03:26:22: Reading GTI from event file
INFO: 2020-11-06 03:26:23: Done!
INFO: 2020-11-06 03:26:23: Computing lightcurve
INFO: 2020-11-06 03:26:23: Could not compute lightcurve
INFO: 2020-11-06 03:26:23: name 'tg' is not defined
INFO: 2020-11-06 03:26:23: Splitting lightcurve according to GTI
INFO: 2020-11-06 03:26:23: Could not split the lightcurve
INFO: 2020-11-06 03:26:23: local variable 'lightcurve' referenced before assignment
INFO: 2020-11-06 03:26:23: Splitting lightcurve list according to segments
INFO: 2020-11-06 03:26:23: Could not split the lightcurve
INFO: 2020-11-06 03:26:23: local variable 'lcs' referenced before assignment
INFO: 2020-11-06 03:26:23: Saving LightcurveList in the event folder
