INFO: 2020-11-06 03:25:13: Creating log folder...
INFO: 2020-11-06 03:25:13: Creating analysis folder...
INFO: 2020-11-06 03:25:13: Reducing NICER data
INFO: 2020-11-06 03:25:13: 
INFO: 2020-11-06 03:25:13: Obs ID: 0100320101
INFO: 2020-11-06 03:25:13: Settings:
INFO: 2020-11-06 03:25:13: ------------------------------------------------------------
INFO: 2020-11-06 03:25:13: Selected energy band: 0.5-10.0 keV
INFO: 2020-11-06 03:25:13: Selected time resolution: 0.0078125 s
INFO: 2020-11-06 03:25:13: Selected time segment: 128.0 s
INFO: 2020-11-06 03:25:13: Time bins: 16384
INFO: 2020-11-06 03:25:13: Selected GTI minimum duration: 128 s
INFO: 2020-11-06 03:25:13: Splitting event in GTIs? No
INFO: 2020-11-06 03:25:13: Log file name: makers_D6_11_2020_T3_25
INFO: 2020-11-06 03:25:13: ------------------------------------------------------------
INFO: 2020-11-06 03:25:13: 
INFO: 2020-11-06 03:25:13: Processing event file: /Volumes/Seagate/NICER_data/Cygnus_X1/0100320101/xti/event_cl/ni0100320101_0mpu7_cl_bc_bdc.evt.gz
INFO: 2020-11-06 03:25:13: Reading event file
INFO: 2020-11-06 03:25:17: Done!
INFO: 2020-11-06 03:25:17: Reading GTI from event file
INFO: 2020-11-06 03:25:18: Done!
INFO: 2020-11-06 03:25:18: Computing lightcurve
INFO: 2020-11-06 03:25:18: Could not compute lightcurve
INFO: 2020-11-06 03:25:18: name 'tg' is not defined
INFO: 2020-11-06 03:25:18: Splitting lightcurve according to GTI
INFO: 2020-11-06 03:25:18: Could not split the lightcurve
