INFO: 2021-03-06 21:27:36: ************************************************************************
INFO: 2021-03-06 21:27:36: ************************        make_lc         ************************
INFO: 2021-03-06 21:27:36: ************************************************************************
INFO: 2021-03-06 21:27:36: Creating analysis folder...
INFO: 2021-03-06 21:27:36: 
INFO: 2021-03-06 21:27:36: Obs ID: 0100320101
INFO: 2021-03-06 21:27:36: Settings:
INFO: 2021-03-06 21:27:36: ------------------------------------------------------------
INFO: 2021-03-06 21:27:36: Selected energy band: 0.5-10.0 keV
INFO: 2021-03-06 21:27:36: Selected time resolution: 0.0078125 s
INFO: 2021-03-06 21:27:36: Split events: yes
INFO: 2021-03-06 21:27:36: Log file name: /Volumes/Samsung_T5/kronos/examples/outputs/logs/make_lc_D6_3_2021_T21_27
INFO: 2021-03-06 21:27:36: ------------------------------------------------------------
INFO: 2021-03-06 21:27:36: 
INFO: 2021-03-06 21:27:36: Reading event file
WARNING: 2021-03-06 21:27:51: Could not read key MJDREF in ext EVENTS of /Volumes/Seagate/NICER_data/Cygnus_X1/0100320101/xti/event_cl/ni0100320101_0mpu7_cl_bc_bdc.evt.gz
INFO: 2021-03-06 21:27:59: Done!
INFO: 2021-03-06 21:27:59: Reading GTI from event file
INFO: 2021-03-06 21:28:00: Done!
INFO: 2021-03-06 21:28:00: N. GTIs: 4
INFO: 2021-03-06 21:28:00: Splitting events according to GTIs
INFO: 2021-03-06 21:28:00: NumExpr defaulting to 8 threads.
INFO: 2021-03-06 21:28:01: Done!
INFO: 2021-03-06 21:28:01: Computing lightcurve list
INFO: 2021-03-06 21:28:01: Could not compute lightcurve list
INFO: 2021-03-06 21:28:01: local variable 'event_list' referenced before assignment
