INFO: 2021-03-06 21:05:01: ************************************************************************
INFO: 2021-03-06 21:05:01: ************************        make_lc         ************************
INFO: 2021-03-06 21:05:01: ************************************************************************
INFO: 2021-03-06 21:05:01: Creating analysis folder...
INFO: 2021-03-06 21:05:01: Creating obs_ID folder...
INFO: 2021-03-06 21:05:01: 
INFO: 2021-03-06 21:05:01: Obs ID: 0100320101
INFO: 2021-03-06 21:05:01: Settings:
INFO: 2021-03-06 21:05:01: ------------------------------------------------------------
INFO: 2021-03-06 21:05:01: Selected energy band: 0.5-10.0 keV
INFO: 2021-03-06 21:05:01: Selected time resolution: 0.0078125 s
INFO: 2021-03-06 21:05:01: Split events: yes
INFO: 2021-03-06 21:05:01: Log file name: /Volumes/Samsung_T5/kronos/examples/outputs/logs/make_lc_D6_3_2021_T21_5
INFO: 2021-03-06 21:05:01: ------------------------------------------------------------
INFO: 2021-03-06 21:05:01: 
INFO: 2021-03-06 21:05:01: Reading event file
INFO: 2021-03-06 21:05:22: Done!
INFO: 2021-03-06 21:05:22: Reading GTI from event file
INFO: 2021-03-06 21:05:22: Could not read GTI.
INFO: 2021-03-06 21:05:22: type object 'Gti' has no attribute 'read_fits'
