INFO: 2021-03-06 21:10:18: ************************************************************************
INFO: 2021-03-06 21:10:18: ************************        make_lc         ************************
INFO: 2021-03-06 21:10:18: ************************************************************************
INFO: 2021-03-06 21:10:18: Creating analysis folder...
INFO: 2021-03-06 21:10:18: 
INFO: 2021-03-06 21:10:18: Obs ID: 0100320101
INFO: 2021-03-06 21:10:18: Settings:
INFO: 2021-03-06 21:10:18: ------------------------------------------------------------
INFO: 2021-03-06 21:10:18: Selected energy band: 0.5-10.0 keV
INFO: 2021-03-06 21:10:18: Selected time resolution: 0.0078125 s
INFO: 2021-03-06 21:10:18: Split events: yes
INFO: 2021-03-06 21:10:18: Log file name: /Volumes/Samsung_T5/kronos/examples/outputs/logs/make_lc_D6_3_2021_T21_10
INFO: 2021-03-06 21:10:18: ------------------------------------------------------------
INFO: 2021-03-06 21:10:18: 
INFO: 2021-03-06 21:10:18: Reading event file
WARNING: 2021-03-06 21:10:31: Could not read key MJDREF in ext EVENTS of /Volumes/Seagate/NICER_data/Cygnus_X1/0100320101/xti/event_cl/ni0100320101_0mpu7_cl_bc_bdc.evt.gz
INFO: 2021-03-06 21:10:38: Done!
INFO: 2021-03-06 21:10:38: Reading GTI from event file
INFO: 2021-03-06 21:10:39: Done!
INFO: 2021-03-06 21:10:39: N. GTIs: 4
INFO: 2021-03-06 21:10:39: Splitting events according to GTIs
INFO: 2021-03-06 21:10:39: NumExpr defaulting to 8 threads.
INFO: 2021-03-06 21:10:40: Done!
INFO: 2021-03-06 21:10:40: Computing lightcurve list
INFO: 2021-03-06 21:10:40: Could not compute lightcurve
INFO: 2021-03-06 21:10:40: If using all scalar values, you must pass an index
