INFO: 2021-03-06 21:29:15: ************************************************************************
INFO: 2021-03-06 21:29:15: ************************        make_lc         ************************
INFO: 2021-03-06 21:29:15: ************************************************************************
INFO: 2021-03-06 21:29:15: Creating analysis folder...
INFO: 2021-03-06 21:29:15: 
INFO: 2021-03-06 21:29:15: Obs ID: 0100320101
INFO: 2021-03-06 21:29:15: Settings:
INFO: 2021-03-06 21:29:15: ------------------------------------------------------------
INFO: 2021-03-06 21:29:15: Selected energy band: 0.5-10.0 keV
INFO: 2021-03-06 21:29:15: Selected time resolution: 0.0078125 s
INFO: 2021-03-06 21:29:15: Split events: yes
INFO: 2021-03-06 21:29:15: Log file name: /Volumes/Samsung_T5/kronos/examples/outputs/logs/make_lc_D6_3_2021_T21_29
INFO: 2021-03-06 21:29:15: ------------------------------------------------------------
INFO: 2021-03-06 21:29:15: 
INFO: 2021-03-06 21:29:15: Reading event file
WARNING: 2021-03-06 21:29:29: Could not read key MJDREF in ext EVENTS of /Volumes/Seagate/NICER_data/Cygnus_X1/0100320101/xti/event_cl/ni0100320101_0mpu7_cl_bc_bdc.evt.gz
INFO: 2021-03-06 21:29:36: Done!
INFO: 2021-03-06 21:29:36: Reading GTI from event file
INFO: 2021-03-06 21:29:37: Done!
INFO: 2021-03-06 21:29:37: N. GTIs: 4
INFO: 2021-03-06 21:29:37: Splitting events according to GTIs
INFO: 2021-03-06 21:29:38: NumExpr defaulting to 8 threads.
INFO: 2021-03-06 21:29:38: Done!
INFO: 2021-03-06 21:29:38: Computing lightcurve list
INFO: 2021-03-06 21:29:38: Could not compute lightcurve list
INFO: 2021-03-06 21:29:38: 'EventList' object has no attribute 'meta_data'
